
v1.0.188 [WARNING] 2022.11.16 AD at 18:52:06 IST
Error while executing process
java.io.IOException: Cannot run program "hg" (in directory "/Users/bala-16089"): error=2, No such file or directory
java.base/java.lang.ProcessBuilder.start(ProcessBuilder.java:1142)
java.base/java.lang.ProcessBuilder.start(ProcessBuilder.java:1073)
com.zoho.zide.command.ProcessWrapper.start(ProcessWrapper.java:51)
com.zoho.zide.command.ZideCommand.execute(ZideCommand.java:150)
com.zoho.zide.command.ZideCommand.execute(ZideCommand.java:82)
com.zoho.zide.util.SystemUtil.getDefaultHgUser(SystemUtil.java:69)
com.zoho.zide.util.SystemUtil.getHgUserName(SystemUtil.java:120)
com.zoho.zide.activator.PluginStarter.earlyStartup(PluginStarter.java:213)
org.eclipse.ui.internal.EarlyStartupRunnable.runEarlyStartup(EarlyStartupRunnable.java:79)
org.eclipse.ui.internal.EarlyStartupRunnable.run(EarlyStartupRunnable.java:55)
org.eclipse.core.runtime.SafeRunner.run(SafeRunner.java:45)
org.eclipse.ui.internal.Workbench$40.run(Workbench.java:2667)
org.eclipse.core.internal.jobs.Worker.run(Worker.java:63)

v1.0.188 [WARNING] 2022.11.16 AD at 18:52:06 IST
Error while executing process
java.io.IOException: Cannot run program "hg" (in directory "/Users/bala-16089"): error=2, No such file or directory
java.base/java.lang.ProcessBuilder.start(ProcessBuilder.java:1142)
java.base/java.lang.ProcessBuilder.start(ProcessBuilder.java:1073)
com.zoho.zide.command.ProcessWrapper.start(ProcessWrapper.java:51)
com.zoho.zide.command.ZideCommand.execute(ZideCommand.java:150)
com.zoho.zide.command.ZideCommand.execute(ZideCommand.java:82)
com.zoho.zide.util.SystemUtil.getDefaultHgUser(SystemUtil.java:69)
com.zoho.zide.util.SystemUtil.getHgUserName(SystemUtil.java:120)
com.zoho.zide.util.SystemUtil.getEmailId(SystemUtil.java:148)
com.zoho.zide.activator.PluginStarter.earlyStartup(PluginStarter.java:213)
org.eclipse.ui.internal.EarlyStartupRunnable.runEarlyStartup(EarlyStartupRunnable.java:79)
org.eclipse.ui.internal.EarlyStartupRunnable.run(EarlyStartupRunnable.java:55)
org.eclipse.core.runtime.SafeRunner.run(SafeRunner.java:45)
org.eclipse.ui.internal.Workbench$40.run(Workbench.java:2667)
org.eclipse.core.internal.jobs.Worker.run(Worker.java:63)

v1.0.188 [WARNING] 2022.11.16 AD at 18:52:06 IST
Error while executing process
java.io.IOException: Cannot run program "hg" (in directory "/Users/bala-16089"): error=2, No such file or directory
java.base/java.lang.ProcessBuilder.start(ProcessBuilder.java:1142)
java.base/java.lang.ProcessBuilder.start(ProcessBuilder.java:1073)
com.zoho.zide.command.ProcessWrapper.start(ProcessWrapper.java:51)
com.zoho.zide.command.ZideCommand.execute(ZideCommand.java:150)
com.zoho.zide.command.ZideCommand.execute(ZideCommand.java:82)
com.zoho.zide.util.SystemUtil.getDefaultHgUser(SystemUtil.java:69)
com.zoho.zide.util.SystemUtil.getHgUserName(SystemUtil.java:120)
com.zoho.zide.audit.UserAudit.accessAudit(UserAudit.java:93)
com.zoho.zide.audit.UserAudit.run(UserAudit.java:64)
java.base/java.lang.Thread.run(Thread.java:832)

v1.0.188 [WARNING] 2022.11.16 AD at 18:52:08 IST
Error while executing process
java.io.IOException: Cannot run program "hg" (in directory "/Users/bala-16089"): error=2, No such file or directory
java.base/java.lang.ProcessBuilder.start(ProcessBuilder.java:1142)
java.base/java.lang.ProcessBuilder.start(ProcessBuilder.java:1073)
com.zoho.zide.command.ProcessWrapper.start(ProcessWrapper.java:51)
com.zoho.zide.command.ZideCommand.execute(ZideCommand.java:150)
com.zoho.zide.command.ZideCommand.execute(ZideCommand.java:82)
com.zoho.zide.util.SystemUtil.getDefaultHgUser(SystemUtil.java:69)
com.zoho.zide.ui.wizards.pages.CreateServicePage.getUserEmail(CreateServicePage.java:87)
com.zoho.zide.util.ZIDEConstants.<clinit>(ZIDEConstants.java:38)
com.zoho.zide.util.ZideSettings.init(ZideSettings.java:36)
com.zoho.zide.util.ZideSettings.<init>(ZideSettings.java:31)
com.zoho.zide.util.ZideSettings.getInstance(ZideSettings.java:162)
com.zoho.zide.util.ZideConfigAPI.getZideIgnoreEntries(ZideConfigAPI.java:163)
com.zoho.zide.activator.PluginStarter.updateZideIgnoreEntries(PluginStarter.java:341)
com.zoho.zide.activator.PluginStarter.earlyStartup(PluginStarter.java:239)
org.eclipse.ui.internal.EarlyStartupRunnable.runEarlyStartup(EarlyStartupRunnable.java:79)
org.eclipse.ui.internal.EarlyStartupRunnable.run(EarlyStartupRunnable.java:55)
org.eclipse.core.runtime.SafeRunner.run(SafeRunner.java:45)
org.eclipse.ui.internal.Workbench$40.run(Workbench.java:2667)
org.eclipse.core.internal.jobs.Worker.run(Worker.java:63)

v1.0.188 [ERROR] 2022.11.16 AD at 18:52:08 IST
Error while creating zide settings instance .
java.io.IOException: Cannot find .zide_resources/zide_settings.xml
org.eclipse.core.internal.runtime.FindSupport.openStream(FindSupport.java:278)
org.eclipse.core.runtime.FileLocator.openStream(FileLocator.java:243)
com.zoho.zide.util.ZideSettings.init(ZideSettings.java:41)
com.zoho.zide.util.ZideSettings.<init>(ZideSettings.java:31)
com.zoho.zide.util.ZideSettings.getInstance(ZideSettings.java:162)
com.zoho.zide.util.ZideConfigAPI.getZideIgnoreEntries(ZideConfigAPI.java:163)
com.zoho.zide.activator.PluginStarter.updateZideIgnoreEntries(PluginStarter.java:341)
com.zoho.zide.activator.PluginStarter.earlyStartup(PluginStarter.java:239)
org.eclipse.ui.internal.EarlyStartupRunnable.runEarlyStartup(EarlyStartupRunnable.java:79)
org.eclipse.ui.internal.EarlyStartupRunnable.run(EarlyStartupRunnable.java:55)
org.eclipse.core.runtime.SafeRunner.run(SafeRunner.java:45)
org.eclipse.ui.internal.Workbench$40.run(Workbench.java:2667)
org.eclipse.core.internal.jobs.Worker.run(Worker.java:63)

v1.0.188 [WARNING] 2022.11.16 AD at 18:52:08 IST
Error while executing process
java.io.IOException: Cannot run program "hg" (in directory "/Users/bala-16089"): error=2, No such file or directory
java.base/java.lang.ProcessBuilder.start(ProcessBuilder.java:1142)
java.base/java.lang.ProcessBuilder.start(ProcessBuilder.java:1073)
com.zoho.zide.command.ProcessWrapper.start(ProcessWrapper.java:51)
com.zoho.zide.command.ZideCommand.execute(ZideCommand.java:150)
com.zoho.zide.command.ZideCommand.execute(ZideCommand.java:82)
com.zoho.zide.util.SystemUtil.getHgVersion(SystemUtil.java:93)
com.zoho.zide.util.SystemUtil.logStartupInfo(SystemUtil.java:222)
com.zoho.zide.scheduler.SchedulerStartup.earlyStartup(SchedulerStartup.java:91)
org.eclipse.ui.internal.EarlyStartupRunnable.runEarlyStartup(EarlyStartupRunnable.java:79)
org.eclipse.ui.internal.EarlyStartupRunnable.run(EarlyStartupRunnable.java:55)
org.eclipse.core.runtime.SafeRunner.run(SafeRunner.java:45)
org.eclipse.ui.internal.Workbench$40.run(Workbench.java:2667)
org.eclipse.core.internal.jobs.Worker.run(Worker.java:63)

v1.0.188 [INFO] 2022.11.16 AD at 18:52:08 IST
ZIDE Startup--------------------------------------------------------------------------------
Eclipse version = 4.18.0.v20201202-1800
Java version = 15.0.1
OS = Mac OS X
hg version = 

v1.0.188 [INFO] 2022.11.16 AD at 18:52:08 IST
Job Hacksaw sync Scheduler started

v1.0.188 [INFO] 2022.11.16 AD at 18:52:08 IST
Job ZideWorkspaceSettings Started

v1.0.188 [INFO] 2022.11.16 AD at 18:52:09 IST
RemoteFileDownload: URL = http://zide.csez.zohocorpin.com/downloads/softwares/docker/service.sh; status = COMPLETED; size = 1KB

v1.0.188 [INFO] 2022.11.16 AD at 18:52:09 IST
RemoteFileDownload: URL = http://build.csez.zohocorpin.com/integ/hg_utils/milestones/HG_UTILS_LOCAL_BUILD_BRANCH/HG_UTILS_LOCAL_BUILD_ZIDE_M1/hg_utils.zip; status = COMPLETED; size = 1.18MB

v1.0.188 [INFO] 2022.11.16 AD at 18:52:35 IST
RemoteFileDownload: URL = http://cm-server.csez.zohocorpin.com/thirdparty_downloads/ant/new/apache-ant-1.8.1.zip; status = COMPLETED; size = 10.54MB

v1.0.188 [WARNING] 2022.11.16 AD at 18:52:36 IST
Error while cloning the repository
. Command line: /Users/bala-16089/My-Blogger/.zide/repository:hg -y clone --noupdate https://***@cmsuite.csez.zohocorpin.com/integ/codecheck codecheck, error code: -1
com.vectrace.MercurialEclipse.commands.AbstractShellCommand$ProzessWrapper.checkError(AbstractShellCommand.java:217)
com.vectrace.MercurialEclipse.commands.CommandJob.execute(CommandJob.java:217)
com.vectrace.MercurialEclipse.commands.AbstractShellCommand.executeToStream(AbstractShellCommand.java:347)
com.vectrace.MercurialEclipse.commands.AbstractShellCommand.executeToBytes(AbstractShellCommand.java:327)
com.vectrace.MercurialEclipse.commands.AbstractShellCommand.executeToBytes(AbstractShellCommand.java:316)
com.vectrace.MercurialEclipse.commands.HgCloneClient.clone(HgCloneClient.java:52)
com.zoho.zide.hg.ZideMercurialRepository.cloneRepository(ZideMercurialRepository.java:120)
com.zoho.zide.hg.ZideMercurialRepository.cloneorupdate(ZideMercurialRepository.java:242)
com.zoho.zide.activator.ZideWorkspaceSettings.lambda$run$1(ZideWorkspaceSettings.java:50)
com.zoho.zide.activator.ZideWorkspaceSettings.runIf(ZideWorkspaceSettings.java:104)
com.zoho.zide.activator.ZideWorkspaceSettings.run(ZideWorkspaceSettings.java:50)
org.eclipse.core.internal.jobs.Worker.run(Worker.java:63)

v1.0.188 [WARNING] 2022.11.16 AD at 18:52:36 IST
Error while clone/update hg for the given project :: codecheck
. Command line: /Users/bala-16089/My-Blogger/.zide/repository:hg -y clone --noupdate https://***@cmsuite.csez.zohocorpin.com/integ/codecheck codecheck, error code: -1
com.vectrace.MercurialEclipse.commands.AbstractShellCommand$ProzessWrapper.checkError(AbstractShellCommand.java:217)
com.vectrace.MercurialEclipse.commands.CommandJob.execute(CommandJob.java:217)
com.vectrace.MercurialEclipse.commands.AbstractShellCommand.executeToStream(AbstractShellCommand.java:347)
com.vectrace.MercurialEclipse.commands.AbstractShellCommand.executeToBytes(AbstractShellCommand.java:327)
com.vectrace.MercurialEclipse.commands.AbstractShellCommand.executeToBytes(AbstractShellCommand.java:316)
com.vectrace.MercurialEclipse.commands.HgCloneClient.clone(HgCloneClient.java:52)
com.zoho.zide.hg.ZideMercurialRepository.cloneRepository(ZideMercurialRepository.java:120)
com.zoho.zide.hg.ZideMercurialRepository.cloneorupdate(ZideMercurialRepository.java:242)
com.zoho.zide.activator.ZideWorkspaceSettings.lambda$run$1(ZideWorkspaceSettings.java:50)
com.zoho.zide.activator.ZideWorkspaceSettings.runIf(ZideWorkspaceSettings.java:104)
com.zoho.zide.activator.ZideWorkspaceSettings.run(ZideWorkspaceSettings.java:50)
org.eclipse.core.internal.jobs.Worker.run(Worker.java:63)
